Uniform random integers, size 0
  patience sort :   0.000002
  qsort         :   0.000002
Uniform random integers, size 1
  patience sort :   0.000006
  qsort         :   0.000000
Uniform random integers, size 10
  patience sort :   0.000003
  qsort         :   0.000002
Uniform random integers, size 100
  patience sort :   0.000017
  qsort         :   0.000011
Uniform random integers, size 1000
  patience sort :   0.000222
  qsort         :   0.000124
Uniform random integers, size 10000
  patience sort :   0.003268
  qsort         :   0.001410
Uniform random integers, size 100000
  patience sort :   0.041476
  qsort         :   0.015868
Uniform random integers, size 1000000
  patience sort :   0.584069
  qsort         :   0.176652
Uniform random integers, size 10000000
  patience sort :  11.587205
  qsort         :   1.965858
Ascending integers, size 0
  patience sort :   0.000001
  qsort         :   0.000001
Ascending integers, size 1
  patience sort :   0.000003
  qsort         :   0.000001
Ascending integers, size 10
  patience sort :   0.000002
  qsort         :   0.000002
Ascending integers, size 100
  patience sort :   0.000021
  qsort         :   0.000005
Ascending integers, size 1000
  patience sort :   0.000028
  qsort         :   0.000043
Ascending integers, size 10000
  patience sort :   0.000259
  qsort         :   0.000474
Ascending integers, size 100000
  patience sort :   0.002676
  qsort         :   0.005510
Ascending integers, size 1000000
  patience sort :   0.034789
  qsort         :   0.058743
Ascending integers, size 10000000
  patience sort :   0.314643
  qsort         :   0.739498
Descending integers, size 0
  patience sort :   0.000001
  qsort         :   0.000002
Descending integers, size 1
  patience sort :   0.000003
  qsort         :   0.000001
Descending integers, size 10
  patience sort :   0.000001
  qsort         :   0.000001
Descending integers, size 100
  patience sort :   0.000013
  qsort         :   0.000007
Descending integers, size 1000
  patience sort :   0.000034
  qsort         :   0.000055
Descending integers, size 10000
  patience sort :   0.000321
  qsort         :   0.000635
Descending integers, size 100000
  patience sort :   0.003329
  qsort         :   0.007357
Descending integers, size 1000000
  patience sort :   0.038879
  qsort         :   0.082315
Descending integers, size 10000000
  patience sort :   0.365178
  qsort         :   0.975141
