Uniform random integers, size 0
  patience sort :   0.000001
  qsort         :   0.000002
Uniform random integers, size 1
  patience sort :   0.000007
  qsort         :   0.000000
Uniform random integers, size 10
  patience sort :   0.000003
  qsort         :   0.000002
Uniform random integers, size 100
  patience sort :   0.000018
  qsort         :   0.000011
Uniform random integers, size 1000
  patience sort :   0.000231
  qsort         :   0.000124
Uniform random integers, size 10000
  patience sort :   0.003268
  qsort         :   0.001406
Uniform random integers, size 100000
  patience sort :   0.039837
  qsort         :   0.015754
Uniform random integers, size 1000000
  patience sort :   0.580208
  qsort         :   0.174955
Uniform random integers, size 10000000
  patience sort :  10.180866
  qsort         :   1.933106
Ascending integers, size 0
  patience sort :   0.000001
  qsort         :   0.000001
Ascending integers, size 1
  patience sort :   0.000004
  qsort         :   0.000001
Ascending integers, size 10
  patience sort :   0.000001
  qsort         :   0.000001
Ascending integers, size 100
  patience sort :   0.000003
  qsort         :   0.000005
Ascending integers, size 1000
  patience sort :   0.000027
  qsort         :   0.000039
Ascending integers, size 10000
  patience sort :   0.000247
  qsort         :   0.000431
Ascending integers, size 100000
  patience sort :   0.002376
  qsort         :   0.004895
Ascending integers, size 1000000
  patience sort :   0.031406
  qsort         :   0.058020
Ascending integers, size 10000000
  patience sort :   0.297749
  qsort         :   0.650814
Descending integers, size 0
  patience sort :   0.000001
  qsort         :   0.000001
Descending integers, size 1
  patience sort :   0.000002
  qsort         :   0.000000
Descending integers, size 10
  patience sort :   0.000002
  qsort         :   0.000001
Descending integers, size 100
  patience sort :   0.000004
  qsort         :   0.000006
Descending integers, size 1000
  patience sort :   0.000032
  qsort         :   0.000053
Descending integers, size 10000
  patience sort :   0.000295
  qsort         :   0.000605
Descending integers, size 100000
  patience sort :   0.003419
  qsort         :   0.007159
Descending integers, size 1000000
  patience sort :   0.037037
  qsort         :   0.080644
Descending integers, size 10000000
  patience sort :   0.341208
  qsort         :   0.945479
